2014-02-13 10:54:40,090 - [INFO] - from play in pool-4-thread-2 
Listening for HTTP on /0:0:0:0:0:0:0:0:9000

2014-02-13 10:54:46,263 - [INFO] - from play in play-internal-execution-context-1 
Application started (Dev)

2014-02-13 10:55:49,068 - [INFO] - from play in play-internal-execution-context-1 
Application started (Dev)

2014-02-13 10:57:25,412 - [ERROR] - from application in New I/O worker #1 


! @6h904c63h - Internal server error, for (GET) [/lettre] ->

play.PlayExceptions$CompilationException: Compilation error[error: incompatible types]
	at play.PlayReloader$$anon$1$$anonfun$reload$2$$anonfun$apply$14$$anonfun$apply$16.apply(PlayReloader.scala:304) ~[na:na]
	at play.PlayReloader$$anon$1$$anonfun$reload$2$$anonfun$apply$14$$anonfun$apply$16.apply(PlayReloader.scala:304) ~[na:na]
	at scala.Option.map(Option.scala:145) ~[scala-library.jar:na]
	at play.PlayReloader$$anon$1$$anonfun$reload$2$$anonfun$apply$14.apply(PlayReloader.scala:304) ~[na:na]
	at play.PlayReloader$$anon$1$$anonfun$reload$2$$anonfun$apply$14.apply(PlayReloader.scala:298) ~[na:na]
	at scala.Option.map(Option.scala:145) ~[scala-library.jar:na]
	at play.PlayReloader$$anon$1$$anonfun$reload$2.apply(PlayReloader.scala:298) ~[na:na]
	at play.PlayReloader$$anon$1$$anonfun$reload$2.apply(PlayReloader.scala:296) ~[na:na]
	at scala.util.Either$LeftProjection.map(Either.scala:377) ~[scala-library.jar:na]
	at play.PlayReloader$$anon$1.reload(PlayReloader.scala:296) ~[na:na]
	at play.core.ReloadableApplication$$anonfun$get$1.apply(ApplicationProvider.scala:104) ~[play_2.10.jar:2.2.1]
	at play.core.ReloadableApplication$$anonfun$get$1.apply(ApplicationProvider.scala:102) ~[play_2.10.jar:2.2.1]
	at scala.concurrent.impl.Future$PromiseCompletingRunnable.liftedTree1$1(Future.scala:24) ~[scala-library.jar:na]
	at scala.concurrent.impl.Future$PromiseCompletingRunnable.run(Future.scala:24) ~[scala-library.jar:na]
	at scala.concurrent.forkjoin.ForkJoinTask$AdaptedRunnableAction.exec(ForkJoinTask.java:1361) ~[scala-library.jar:na]
	at scala.concurrent.forkjoin.ForkJoinTask.doExec(ForkJoinTask.java:260) ~[scala-library.jar:na]
	at scala.concurrent.forkjoin.ForkJoinPool$WorkQueue.runTask(ForkJoinPool.java:1339) ~[scala-library.jar:na]
	at scala.concurrent.forkjoin.ForkJoinPool.runWorker(ForkJoinPool.java:1979) ~[scala-library.jar:na]
	at scala.concurrent.forkjoin.ForkJoinWorkerThread.run(ForkJoinWorkerThread.java:107) ~[scala-library.jar:na]

2014-02-13 10:57:34,072 - [INFO] - from play in play-internal-execution-context-1 
Application started (Dev)

2014-02-13 10:57:39,393 - [ERROR] - from play in New I/O worker #1 
Cannot invoke the action, eventually got an error: java.lang.ArrayIndexOutOfBoundsException: 12

2014-02-13 10:57:39,426 - [ERROR] - from application in New I/O worker #1 


! @6h904d0mk - Internal server error, for (POST) [/lettre] ->

play.api.Application$$anon$1: Execution exception[[ArrayIndexOutOfBoundsException: 12]]
	at play.api.Application$class.handleError(Application.scala:293) ~[play_2.10.jar:2.2.1]
	at play.api.DefaultApplication.handleError(Application.scala:399) [play_2.10.jar:2.2.1]
	at play.core.server.netty.PlayDefaultUpstreamHandler$$anonfun$2$$anonfun$applyOrElse$3.apply(PlayDefaultUpstreamHandler.scala:261) [play_2.10.jar:2.2.1]
	at play.core.server.netty.PlayDefaultUpstreamHandler$$anonfun$2$$anonfun$applyOrElse$3.apply(PlayDefaultUpstreamHandler.scala:261) [play_2.10.jar:2.2.1]
	at scala.Option.map(Option.scala:145) [scala-library.jar:na]
	at play.core.server.netty.PlayDefaultUpstreamHandler$$anonfun$2.applyOrElse(PlayDefaultUpstreamHandler.scala:261) [play_2.10.jar:2.2.1]
	at play.core.server.netty.PlayDefaultUpstreamHandler$$anonfun$2.applyOrElse(PlayDefaultUpstreamHandler.scala:257) [play_2.10.jar:2.2.1]
	at scala.runtime.AbstractPartialFunction.apply(AbstractPartialFunction.scala:33) [scala-library.jar:na]
	at scala.concurrent.Future$$anonfun$recoverWith$1.apply(Future.scala:411) [scala-library.jar:na]
	at scala.concurrent.Future$$anonfun$recoverWith$1.apply(Future.scala:408) [scala-library.jar:na]
	at scala.concurrent.impl.CallbackRunnable.run(Promise.scala:29) [scala-library.jar:na]
	at play.api.libs.iteratee.Execution$$anon$1.execute(Execution.scala:43) [play-iteratees_2.10.jar:2.2.1]
	at scala.concurrent.impl.CallbackRunnable.executeWithValue(Promise.scala:37) [scala-library.jar:na]
	at scala.concurrent.impl.Promise$DefaultPromise.dispatchOrAddCallback$1(Promise.scala:144) [scala-library.jar:na]
	at scala.concurrent.impl.Promise$DefaultPromise.onComplete(Promise.scala:147) [scala-library.jar:na]
	at scala.concurrent.Future$class.recoverWith(Future.scala:416) [scala-library.jar:na]
	at scala.concurrent.impl.Promise$DefaultPromise.recoverWith(Promise.scala:58) [scala-library.jar:na]
	at play.core.server.netty.PlayDefaultUpstreamHandler.handleAction$1(PlayDefaultUpstreamHandler.scala:257) [play_2.10.jar:2.2.1]
	at play.core.server.netty.PlayDefaultUpstreamHandler.messageReceived(PlayDefaultUpstreamHandler.scala:169) [play_2.10.jar:2.2.1]
	at org.jboss.netty.channel.SimpleChannelUpstreamHandler.handleUpstream(SimpleChannelUpstreamHandler.java:70) [netty.jar:na]
	at org.jboss.netty.channel.DefaultChannelPipeline.sendUpstream(DefaultChannelPipeline.java:564) [netty.jar:na]
	at org.jboss.netty.channel.DefaultChannelPipeline$DefaultChannelHandlerContext.sendUpstream(DefaultChannelPipeline.java:791) [netty.jar:na]
	at com.typesafe.netty.http.pipelining.HttpPipeliningHandler.messageReceived(HttpPipeliningHandler.java:62) [netty-http-pipelining.jar:na]
	at org.jboss.netty.channel.SimpleChannelHandler.handleUpstream(SimpleChannelHandler.java:88) [netty.jar:na]
	at org.jboss.netty.channel.DefaultChannelPipeline.sendUpstream(DefaultChannelPipeline.java:564) [netty.jar:na]
	at org.jboss.netty.channel.DefaultChannelPipeline$DefaultChannelHandlerContext.sendUpstream(DefaultChannelPipeline.java:791) [netty.jar:na]
	at org.jboss.netty.handler.codec.http.HttpContentDecoder.messageReceived(HttpContentDecoder.java:108) [netty.jar:na]
	at org.jboss.netty.channel.SimpleChannelUpstreamHandler.handleUpstream(SimpleChannelUpstreamHandler.java:70) [netty.jar:na]
	at org.jboss.netty.channel.DefaultChannelPipeline.sendUpstream(DefaultChannelPipeline.java:564) [netty.jar:na]
	at org.jboss.netty.channel.DefaultChannelPipeline$DefaultChannelHandlerContext.sendUpstream(DefaultChannelPipeline.java:791) [netty.jar:na]
	at org.jboss.netty.channel.Channels.fireMessageReceived(Channels.java:296) [netty.jar:na]
	at org.jboss.netty.handler.codec.frame.FrameDecoder.unfoldAndFireMessageReceived(FrameDecoder.java:459) [netty.jar:na]
	at org.jboss.netty.handler.codec.replay.ReplayingDecoder.callDecode(ReplayingDecoder.java:536) [netty.jar:na]
	at org.jboss.netty.handler.codec.replay.ReplayingDecoder.messageReceived(ReplayingDecoder.java:435) [netty.jar:na]
	at org.jboss.netty.channel.SimpleChannelUpstreamHandler.handleUpstream(SimpleChannelUpstreamHandler.java:70) [netty.jar:na]
	at org.jboss.netty.channel.DefaultChannelPipeline.sendUpstream(DefaultChannelPipeline.java:564) [netty.jar:na]
	at org.jboss.netty.channel.DefaultChannelPipeline.sendUpstream(DefaultChannelPipeline.java:559) [netty.jar:na]
	at org.jboss.netty.channel.Channels.fireMessageReceived(Channels.java:268) [netty.jar:na]
	at org.jboss.netty.channel.Channels.fireMessageReceived(Channels.java:255) [netty.jar:na]
	at org.jboss.netty.channel.socket.nio.NioWorker.read(NioWorker.java:88) [netty.jar:na]
	at org.jboss.netty.channel.socket.nio.AbstractNioWorker.process(AbstractNioWorker.java:109) [netty.jar:na]
	at org.jboss.netty.channel.socket.nio.AbstractNioSelector.run(AbstractNioSelector.java:312) [netty.jar:na]
	at org.jboss.netty.channel.socket.nio.AbstractNioWorker.run(AbstractNioWorker.java:90) [netty.jar:na]
	at org.jboss.netty.channel.socket.nio.NioWorker.run(NioWorker.java:178) [netty.jar:na]
	at org.jboss.netty.util.ThreadRenamingRunnable.run(ThreadRenamingRunnable.java:108) [netty.jar:na]
	at org.jboss.netty.util.internal.DeadLockProofWorker$1.run(DeadLockProofWorker.java:42) [netty.jar:na]
	at java.util.concurrent.ThreadPoolExecutor.runWorker(ThreadPoolExecutor.java:1145) [na:1.7.0_51]
	at java.util.concurrent.ThreadPoolExecutor$Worker.run(ThreadPoolExecutor.java:615) [na:1.7.0_51]
	at java.lang.Thread.run(Thread.java:744) [na:1.7.0_51]
java.lang.ArrayIndexOutOfBoundsException: 12
	at models.Lettre.ZeroACent(Lettre.java:112) ~[na:na]
	at controllers.ConvEnLettre.submit(ConvEnLettre.java:40) ~[na:na]
	at Routes$$anonfun$routes$1$$anonfun$applyOrElse$3$$anonfun$apply$3.apply(routes_routing.scala:73) ~[na:na]
	at Routes$$anonfun$routes$1$$anonfun$applyOrElse$3$$anonfun$apply$3.apply(routes_routing.scala:73) ~[na:na]
	at play.core.Router$HandlerInvoker$$anon$7$$anon$2.invocation(Router.scala:183) ~[play_2.10.jar:2.2.1]
	at play.core.Router$Routes$$anon$1.invocation(Router.scala:377) ~[play_2.10.jar:2.2.1]
	at play.core.j.JavaAction$$anon$1.call(JavaAction.scala:56) ~[play_2.10.jar:2.2.1]
	at play.core.j.JavaAction$$anon$3.apply(JavaAction.scala:91) ~[play_2.10.jar:2.2.1]
	at play.core.j.JavaAction$$anon$3.apply(JavaAction.scala:90) ~[play_2.10.jar:2.2.1]
	at play.core.j.FPromiseHelper$$anonfun$flatMap$1.apply(FPromiseHelper.scala:82) ~[play_2.10.jar:2.2.1]
	at play.core.j.FPromiseHelper$$anonfun$flatMap$1.apply(FPromiseHelper.scala:82) ~[play_2.10.jar:2.2.1]
	at scala.concurrent.Future$$anonfun$flatMap$1.apply(Future.scala:278) ~[scala-library.jar:na]
	at scala.concurrent.Future$$anonfun$flatMap$1.apply(Future.scala:274) ~[scala-library.jar:na]
	at scala.concurrent.impl.CallbackRunnable.run(Promise.scala:29) [scala-library.jar:na]
	at play.core.j.HttpExecutionContext$$anon$2.run(HttpExecutionContext.scala:37) ~[play_2.10.jar:2.2.1]
	at akka.dispatch.TaskInvocation.run(AbstractDispatcher.scala:42) ~[akka-actor_2.10.jar:2.2.0]
	at akka.dispatch.ForkJoinExecutorConfigurator$AkkaForkJoinTask.exec(AbstractDispatcher.scala:386) ~[akka-actor_2.10.jar:2.2.0]
	at scala.concurrent.forkjoin.ForkJoinTask.doExec(ForkJoinTask.java:260) ~[scala-library.jar:na]
	at scala.concurrent.forkjoin.ForkJoinPool$WorkQueue.runTask(ForkJoinPool.java:1339) ~[scala-library.jar:na]
	at scala.concurrent.forkjoin.ForkJoinPool.runWorker(ForkJoinPool.java:1979) ~[scala-library.jar:na]
	at scala.concurrent.forkjoin.ForkJoinWorkerThread.run(ForkJoinWorkerThread.java:107) ~[scala-library.jar:na]

